2025-03-13T02:45:14.777Z [INFO]: Using .env.dev file 
2025-03-13T02:45:14.785Z [INFO]: Restaurant Service running on port 5003 
2025-03-13T02:45:14.805Z [INFO]: Creating tables... 
2025-03-13T02:45:14.808Z [INFO]: Database connected! Current time: 
2025-03-13T02:45:14.810Z [INFO]: ✅ Tables created successfully! 
2025-03-13T02:45:25.083Z [INFO]: Using .env.dev file 
2025-03-13T02:45:25.091Z [INFO]: Restaurant Service running on port 5003 
2025-03-13T02:45:25.109Z [INFO]: Creating tables... 
2025-03-13T02:45:25.113Z [INFO]: Database connected! Current time: 
2025-03-13T02:45:25.114Z [INFO]: ✅ Tables created successfully! 
2025-03-13T02:45:28.555Z [INFO]: Using .env.dev file 
2025-03-13T02:45:28.563Z [INFO]: Restaurant Service running on port 5003 
2025-03-13T02:45:28.580Z [INFO]: Creating tables... 
2025-03-13T02:45:28.582Z [INFO]: Database connected! Current time: 
2025-03-13T02:45:28.584Z [INFO]: ✅ Tables created successfully! 
2025-03-13T02:45:30.486Z [INFO]: Using .env.dev file 
2025-03-13T02:45:30.493Z [INFO]: Restaurant Service running on port 5003 
2025-03-13T02:45:30.510Z [INFO]: Creating tables... 
2025-03-13T02:45:30.514Z [INFO]: Database connected! Current time: 
2025-03-13T02:45:30.515Z [INFO]: ✅ Tables created successfully! 
2025-03-13T02:45:35.898Z [INFO]: Using .env.dev file 
2025-03-13T02:45:35.906Z [INFO]: Restaurant Service running on port 5003 
2025-03-13T02:45:35.925Z [INFO]: Creating tables... 
2025-03-13T02:45:35.928Z [INFO]: Database connected! Current time: 
2025-03-13T02:45:35.930Z [INFO]: ✅ Tables created successfully! 
2025-03-13T02:45:45.404Z [INFO]: Using .env.dev file 
2025-03-13T02:45:45.412Z [INFO]: Restaurant Service running on port 5003 
2025-03-13T02:45:45.431Z [INFO]: Creating tables... 
2025-03-13T02:45:45.435Z [INFO]: Database connected! Current time: 
2025-03-13T02:45:45.435Z [INFO]: ✅ Tables created successfully! 
2025-03-13T03:51:22.990Z [INFO]: Get restaurant success 
2025-03-13T03:51:23.052Z [INFO]: Get restaurant success 
2025-03-13T03:51:23.083Z [INFO]: Get restaurant success 
2025-03-13T03:51:23.224Z [INFO]: Menu retrieved successfully 
2025-03-13T03:51:23.226Z [INFO]: Menu retrieved successfully 
2025-03-13T03:51:23.233Z [INFO]: Menu retrieved successfully 
2025-03-13T03:51:23.243Z [INFO]: Menu retrieved successfully 
2025-03-13T03:51:23.433Z [INFO]: Get restaurant success 
2025-03-13T03:51:23.542Z [INFO]: Menu retrieved successfully 
2025-03-13T03:51:23.543Z [INFO]: Menu retrieved successfully 
2025-03-13T03:51:23.545Z [INFO]: Menu retrieved successfully 
2025-03-13T03:51:23.562Z [INFO]: Menu retrieved successfully 
2025-03-13T03:51:27.612Z [INFO]: Get restaurant success 
2025-03-13T03:51:27.662Z [INFO]: Get restaurant success 
2025-03-13T03:51:27.682Z [INFO]: Get restaurant success 
2025-03-13T03:51:27.792Z [INFO]: Menu retrieved successfully 
2025-03-13T03:51:27.794Z [INFO]: Menu retrieved successfully 
2025-03-13T03:51:27.795Z [INFO]: Menu retrieved successfully 
2025-03-13T03:51:27.796Z [INFO]: Menu retrieved successfully 
2025-03-13T03:51:27.962Z [INFO]: Get restaurant success 
2025-03-13T03:51:28.082Z [INFO]: Menu retrieved successfully 
2025-03-13T03:51:28.083Z [INFO]: Menu retrieved successfully 
2025-03-13T03:51:28.085Z [INFO]: Menu retrieved successfully 
2025-03-13T03:51:28.086Z [INFO]: Menu retrieved successfully 
2025-03-13T03:53:53.258Z [INFO]: Get restaurant success 
2025-03-13T03:53:53.386Z [INFO]: Menu retrieved successfully 
2025-03-13T03:53:53.396Z [INFO]: Menu retrieved successfully 
2025-03-13T03:53:53.406Z [INFO]: Menu retrieved successfully 
2025-03-13T03:53:53.407Z [INFO]: Menu retrieved successfully 
2025-03-13T03:53:53.596Z [INFO]: Get restaurant success 
2025-03-13T03:53:53.695Z [INFO]: Menu retrieved successfully 
2025-03-13T03:53:53.706Z [INFO]: Menu retrieved successfully 
2025-03-13T03:53:53.707Z [INFO]: Menu retrieved successfully 
2025-03-13T03:53:53.708Z [INFO]: Menu retrieved successfully 
2025-03-13T03:53:56.276Z [INFO]: Get restaurant success 
2025-03-13T03:53:56.335Z [INFO]: Get restaurant success 
2025-03-13T03:53:56.337Z [INFO]: Get restaurant success 
2025-03-13T03:53:56.446Z [INFO]: Menu retrieved successfully 
2025-03-13T03:53:56.447Z [INFO]: Menu retrieved successfully 
2025-03-13T03:53:56.448Z [INFO]: Menu retrieved successfully 
2025-03-13T03:53:56.449Z [INFO]: Menu retrieved successfully 
2025-03-13T03:53:56.635Z [INFO]: Get restaurant success 
2025-03-13T03:53:56.746Z [INFO]: Menu retrieved successfully 
2025-03-13T03:53:56.747Z [INFO]: Menu retrieved successfully 
2025-03-13T03:53:56.748Z [INFO]: Menu retrieved successfully 
2025-03-13T03:53:56.755Z [INFO]: Menu retrieved successfully 
2025-03-13T04:00:00.438Z [INFO]: Get restaurant success 
2025-03-13T04:00:00.497Z [INFO]: Get restaurant success 
2025-03-13T04:00:00.517Z [INFO]: Get restaurant success 
2025-03-13T04:00:00.637Z [INFO]: Menu retrieved successfully 
2025-03-13T04:00:00.647Z [INFO]: Menu retrieved successfully 
2025-03-13T04:00:00.657Z [INFO]: Menu retrieved successfully 
2025-03-13T04:00:00.658Z [INFO]: Menu retrieved successfully 
2025-03-13T04:00:00.837Z [INFO]: Get restaurant success 
2025-03-13T04:00:00.937Z [INFO]: Menu retrieved successfully 
2025-03-13T04:00:00.938Z [INFO]: Menu retrieved successfully 
2025-03-13T04:00:00.947Z [INFO]: Menu retrieved successfully 
2025-03-13T04:00:00.948Z [INFO]: Menu retrieved successfully 
2025-03-13T04:01:54.682Z [INFO]: Get restaurant success 
2025-03-13T04:01:54.731Z [INFO]: Get restaurant success 
2025-03-13T04:01:54.762Z [INFO]: Get restaurant success 
2025-03-13T04:01:54.872Z [INFO]: Menu retrieved successfully 
2025-03-13T04:01:54.873Z [INFO]: Menu retrieved successfully 
2025-03-13T04:01:54.891Z [INFO]: Menu retrieved successfully 
2025-03-13T04:01:54.902Z [INFO]: Menu retrieved successfully 
2025-03-13T04:01:55.072Z [INFO]: Get restaurant success 
2025-03-13T04:01:55.182Z [INFO]: Menu retrieved successfully 
2025-03-13T04:01:55.182Z [INFO]: Menu retrieved successfully 
2025-03-13T04:01:55.183Z [INFO]: Menu retrieved successfully 
2025-03-13T04:01:55.184Z [INFO]: Menu retrieved successfully 
2025-03-13T04:04:39.794Z [INFO]: Get restaurant success 
2025-03-13T04:04:39.844Z [INFO]: Get restaurant success 
2025-03-13T04:04:39.864Z [INFO]: Get restaurant success 
2025-03-13T04:04:39.974Z [INFO]: Menu retrieved successfully 
2025-03-13T04:04:39.984Z [INFO]: Menu retrieved successfully 
2025-03-13T04:04:40.004Z [INFO]: Menu retrieved successfully 
2025-03-13T04:04:40.006Z [INFO]: Menu retrieved successfully 
2025-03-13T04:04:40.174Z [INFO]: Get restaurant success 
2025-03-13T04:04:40.285Z [INFO]: Menu retrieved successfully 
2025-03-13T04:04:40.286Z [INFO]: Menu retrieved successfully 
2025-03-13T04:04:40.287Z [INFO]: Menu retrieved successfully 
2025-03-13T04:04:40.288Z [INFO]: Menu retrieved successfully 
2025-03-13T04:44:53.788Z [INFO]: Get restaurant success 
2025-03-13T04:44:53.844Z [INFO]: Get restaurant success 
2025-03-13T04:44:55.094Z [INFO]: Get restaurant success 
2025-03-13T04:44:55.155Z [INFO]: Get restaurant success 
2025-03-13T04:44:55.194Z [INFO]: Get restaurant success 
2025-03-13T04:44:55.304Z [INFO]: Menu retrieved successfully 
2025-03-13T04:44:55.324Z [INFO]: Menu retrieved successfully 
2025-03-13T04:44:55.325Z [INFO]: Menu retrieved successfully 
2025-03-13T04:44:55.334Z [INFO]: Menu retrieved successfully 
2025-03-13T04:44:55.524Z [INFO]: Get restaurant success 
2025-03-13T04:44:55.634Z [INFO]: Menu retrieved successfully 
2025-03-13T04:44:55.635Z [INFO]: Menu retrieved successfully 
2025-03-13T04:44:55.644Z [INFO]: Menu retrieved successfully 
2025-03-13T04:44:55.645Z [INFO]: Menu retrieved successfully 
2025-03-13T04:45:11.614Z [INFO]: Get restaurants success 
2025-03-13T04:45:11.663Z [INFO]: Get restaurants success 
2025-03-13T04:45:14.673Z [INFO]: Menus retrieved successfully 
2025-03-13T04:45:14.723Z [INFO]: Menus retrieved successfully 
2025-03-13T04:45:15.813Z [INFO]: Menu retrieved successfully 
2025-03-13T04:45:15.863Z [INFO]: Menu retrieved successfully 
2025-03-13T04:45:17.753Z [INFO]: Menu retrieved successfully 
2025-03-13T04:45:17.813Z [INFO]: Get restaurant by restaurant id success 
2025-03-13T04:45:19.423Z [INFO]: Menu retrieved successfully 
2025-03-13T04:45:19.473Z [INFO]: Menu retrieved successfully 
2025-03-13T04:45:21.402Z [INFO]: Menus retrieved successfully 
2025-03-13T04:45:21.453Z [INFO]: Menus retrieved successfully 
2025-03-13T04:45:24.962Z [INFO]: Menu retrieved successfully 
2025-03-13T04:45:24.993Z [INFO]: Menu retrieved successfully 
2025-03-13T04:45:24.995Z [INFO]: Menu retrieved successfully 
2025-03-13T04:45:24.996Z [INFO]: Menu retrieved successfully 
2025-03-13T04:45:24.997Z [INFO]: Menu retrieved successfully 
2025-03-13T04:45:24.998Z [INFO]: Menu retrieved successfully 
2025-03-13T04:45:24.999Z [INFO]: Menu retrieved successfully 
2025-03-13T04:45:25.000Z [INFO]: Menu retrieved successfully 
2025-03-13T04:45:25.122Z [INFO]: Menu retrieved successfully 
2025-03-13T04:45:25.123Z [INFO]: Menu retrieved successfully 
2025-03-13T04:45:25.125Z [INFO]: Menu retrieved successfully 
2025-03-13T04:45:25.126Z [INFO]: Menu retrieved successfully 
2025-03-13T04:45:25.133Z [INFO]: Menu retrieved successfully 
2025-03-13T04:45:25.134Z [INFO]: Menu retrieved successfully 
2025-03-13T04:45:25.135Z [INFO]: Menu retrieved successfully 
2025-03-13T04:45:25.137Z [INFO]: Menu retrieved successfully 
2025-03-13T04:45:48.632Z [INFO]: Menu retrieved successfully 
2025-03-13T04:45:48.741Z [INFO]: Menu retrieved successfully 
2025-03-13T06:22:16.768Z [INFO]: Get restaurant success 
2025-03-13T06:22:16.817Z [INFO]: Get restaurant success 
2025-03-13T06:22:16.858Z [INFO]: Get restaurant success 
2025-03-13T06:22:16.978Z [INFO]: Menu retrieved successfully 
2025-03-13T06:22:16.979Z [INFO]: Menu retrieved successfully 
2025-03-13T06:22:16.987Z [INFO]: Menu retrieved successfully 
2025-03-13T06:22:16.989Z [INFO]: Menu retrieved successfully 
2025-03-13T06:22:17.167Z [INFO]: Get restaurant success 
2025-03-13T06:22:17.278Z [INFO]: Menu retrieved successfully 
2025-03-13T06:22:17.278Z [INFO]: Menu retrieved successfully 
2025-03-13T06:22:17.279Z [INFO]: Menu retrieved successfully 
2025-03-13T06:22:17.279Z [INFO]: Menu retrieved successfully 
2025-03-13T06:22:21.407Z [INFO]: Menu retrieved successfully 
2025-03-13T06:22:21.508Z [INFO]: Menu retrieved successfully 
2025-03-13T06:22:25.557Z [INFO]: Menu retrieved successfully 
2025-03-13T06:22:25.667Z [INFO]: Menu retrieved successfully 
2025-03-13T06:22:49.817Z [INFO]: Menu retrieved successfully 
2025-03-13T06:22:49.818Z [INFO]: Menu retrieved successfully 
2025-03-13T06:22:49.818Z [INFO]: Menu retrieved successfully 
2025-03-13T06:22:49.819Z [INFO]: Menu retrieved successfully 
2025-03-13T06:22:49.820Z [INFO]: Menu retrieved successfully 
2025-03-13T06:22:49.821Z [INFO]: Menu retrieved successfully 
2025-03-13T06:22:49.822Z [INFO]: Menu retrieved successfully 
2025-03-13T06:22:49.822Z [INFO]: Menu retrieved successfully 
2025-03-13T06:22:49.937Z [INFO]: Menu retrieved successfully 
2025-03-13T06:22:49.937Z [INFO]: Menu retrieved successfully 
2025-03-13T06:22:49.938Z [INFO]: Menu retrieved successfully 
2025-03-13T06:22:49.938Z [INFO]: Menu retrieved successfully 
2025-03-13T06:22:49.939Z [INFO]: Menu retrieved successfully 
2025-03-13T06:22:49.946Z [INFO]: Menu retrieved successfully 
2025-03-13T06:22:49.947Z [INFO]: Menu retrieved successfully 
2025-03-13T06:22:49.948Z [INFO]: Menu retrieved successfully 
2025-03-13T06:22:54.216Z [INFO]: Get restaurants success 
2025-03-13T06:22:54.276Z [INFO]: Get restaurants success 
2025-03-13T06:22:56.417Z [INFO]: Menus retrieved successfully 
2025-03-13T06:22:56.466Z [INFO]: Menus retrieved successfully 
2025-03-13T06:22:58.026Z [INFO]: Menu retrieved successfully 
2025-03-13T06:22:58.077Z [INFO]: Menu retrieved successfully 
2025-03-13T06:22:59.996Z [INFO]: Menu retrieved successfully 
2025-03-13T06:23:00.046Z [INFO]: Get restaurant by restaurant id success 
2025-03-13T06:23:01.556Z [INFO]: Menu retrieved successfully 
2025-03-13T06:23:01.606Z [INFO]: Menu retrieved successfully 
2025-03-13T06:23:03.176Z [INFO]: Menus retrieved successfully 
2025-03-13T06:23:03.226Z [INFO]: Menus retrieved successfully 
2025-03-13T06:23:04.736Z [INFO]: Get restaurants success 
2025-03-13T06:23:04.786Z [INFO]: Get restaurants success 
2025-03-13T06:23:07.716Z [INFO]: Menu retrieved successfully 
2025-03-13T06:23:07.736Z [INFO]: Menu retrieved successfully 
2025-03-13T06:23:07.738Z [INFO]: Menu retrieved successfully 
2025-03-13T06:23:07.738Z [INFO]: Menu retrieved successfully 
2025-03-13T06:23:07.740Z [INFO]: Menu retrieved successfully 
2025-03-13T06:23:07.740Z [INFO]: Menu retrieved successfully 
2025-03-13T06:23:07.741Z [INFO]: Menu retrieved successfully 
2025-03-13T06:23:07.746Z [INFO]: Menu retrieved successfully 
2025-03-13T06:23:07.747Z [INFO]: Menu retrieved successfully 
2025-03-13T06:23:07.866Z [INFO]: Menu retrieved successfully 
2025-03-13T06:23:07.867Z [INFO]: Menu retrieved successfully 
2025-03-13T06:23:07.867Z [INFO]: Menu retrieved successfully 
2025-03-13T06:23:07.868Z [INFO]: Menu retrieved successfully 
2025-03-13T06:23:07.876Z [INFO]: Menu retrieved successfully 
2025-03-13T06:23:07.877Z [INFO]: Menu retrieved successfully 
2025-03-13T06:23:07.878Z [INFO]: Menu retrieved successfully 
2025-03-13T06:23:07.879Z [INFO]: Menu retrieved successfully 
2025-03-13T06:23:07.880Z [INFO]: Menu retrieved successfully 
2025-03-13T06:23:09.386Z [INFO]: Menu retrieved successfully 
2025-03-13T06:23:09.486Z [INFO]: Menu retrieved successfully 
2025-03-13T06:30:05.321Z [INFO]: Get restaurant success 
2025-03-13T06:30:05.440Z [INFO]: Menu retrieved successfully 
2025-03-13T06:30:05.450Z [INFO]: Menu retrieved successfully 
2025-03-13T06:30:05.451Z [INFO]: Menu retrieved successfully 
2025-03-13T06:30:05.460Z [INFO]: Menu retrieved successfully 
2025-03-13T06:30:05.650Z [INFO]: Get restaurant success 
2025-03-13T06:30:05.760Z [INFO]: Menu retrieved successfully 
2025-03-13T06:30:05.761Z [INFO]: Menu retrieved successfully 
2025-03-13T06:30:05.770Z [INFO]: Menu retrieved successfully 
2025-03-13T06:30:05.771Z [INFO]: Menu retrieved successfully 
2025-03-13T06:34:32.409Z [INFO]: Get restaurant success 
2025-03-13T06:34:32.468Z [INFO]: Get restaurant success 
2025-03-13T06:34:32.489Z [INFO]: Get restaurant success 
2025-03-13T06:34:32.609Z [INFO]: Menu retrieved successfully 
2025-03-13T06:34:32.610Z [INFO]: Menu retrieved successfully 
2025-03-13T06:34:32.619Z [INFO]: Menu retrieved successfully 
2025-03-13T06:34:32.620Z [INFO]: Menu retrieved successfully 
2025-03-13T06:34:32.798Z [INFO]: Get restaurant success 
2025-03-13T06:34:32.908Z [INFO]: Menu retrieved successfully 
2025-03-13T06:34:32.909Z [INFO]: Menu retrieved successfully 
2025-03-13T06:34:32.910Z [INFO]: Menu retrieved successfully 
2025-03-13T06:34:32.918Z [INFO]: Menu retrieved successfully 
2025-03-13T06:39:52.406Z [INFO]: Menu retrieved successfully 
2025-03-13T06:39:52.407Z [INFO]: Menu retrieved successfully 
2025-03-13T06:39:52.408Z [INFO]: Menu retrieved successfully 
2025-03-13T06:39:52.408Z [INFO]: Menu retrieved successfully 
2025-03-13T06:39:52.409Z [INFO]: Menu retrieved successfully 
2025-03-13T06:39:52.410Z [INFO]: Menu retrieved successfully 
2025-03-13T06:39:52.410Z [INFO]: Menu retrieved successfully 
2025-03-13T06:39:52.411Z [INFO]: Menu retrieved successfully 
2025-03-13T06:39:52.415Z [INFO]: Menu retrieved successfully 
2025-03-13T06:39:52.535Z [INFO]: Menu retrieved successfully 
2025-03-13T06:39:52.536Z [INFO]: Menu retrieved successfully 
2025-03-13T06:39:52.537Z [INFO]: Menu retrieved successfully 
2025-03-13T06:39:52.538Z [INFO]: Menu retrieved successfully 
2025-03-13T06:39:52.538Z [INFO]: Menu retrieved successfully 
2025-03-13T06:39:52.539Z [INFO]: Menu retrieved successfully 
2025-03-13T06:39:52.539Z [INFO]: Menu retrieved successfully 
2025-03-13T06:39:52.539Z [INFO]: Menu retrieved successfully 
2025-03-13T06:39:52.540Z [INFO]: Menu retrieved successfully 
2025-03-13T06:39:55.985Z [INFO]: Get restaurants success 
2025-03-13T06:39:56.035Z [INFO]: Get restaurants success 
2025-03-13T06:40:00.715Z [INFO]: Menus retrieved successfully 
2025-03-13T06:40:00.765Z [INFO]: Menus retrieved successfully 
2025-03-13T06:40:02.365Z [INFO]: Menu retrieved successfully 
2025-03-13T06:40:02.415Z [INFO]: Menu retrieved successfully 
2025-03-13T06:40:04.145Z [INFO]: Menu retrieved successfully 
2025-03-13T06:40:04.195Z [INFO]: Get restaurant by restaurant id success 
2025-03-13T06:40:06.255Z [INFO]: Menu retrieved successfully 
2025-03-13T06:40:06.305Z [INFO]: Menu retrieved successfully 
2025-03-13T06:40:07.375Z [INFO]: Menus retrieved successfully 
2025-03-13T06:40:07.425Z [INFO]: Menus retrieved successfully 
2025-03-13T06:40:08.195Z [INFO]: Get restaurants success 
2025-03-13T06:40:08.245Z [INFO]: Get restaurants success 
2025-03-13T06:40:12.285Z [INFO]: Menu retrieved successfully 
2025-03-13T06:40:12.315Z [INFO]: Menu retrieved successfully 
2025-03-13T06:40:12.316Z [INFO]: Menu retrieved successfully 
2025-03-13T06:40:12.317Z [INFO]: Menu retrieved successfully 
2025-03-13T06:40:12.318Z [INFO]: Menu retrieved successfully 
2025-03-13T06:40:12.318Z [INFO]: Menu retrieved successfully 
2025-03-13T06:40:12.319Z [INFO]: Menu retrieved successfully 
2025-03-13T06:40:12.325Z [INFO]: Menu retrieved successfully 
2025-03-13T06:40:12.326Z [INFO]: Menu retrieved successfully 
2025-03-13T06:40:12.327Z [INFO]: Menu retrieved successfully 
2025-03-13T06:40:12.455Z [INFO]: Menu retrieved successfully 
2025-03-13T06:40:12.455Z [INFO]: Menu retrieved successfully 
2025-03-13T06:40:12.456Z [INFO]: Menu retrieved successfully 
2025-03-13T06:40:12.457Z [INFO]: Menu retrieved successfully 
2025-03-13T06:40:12.457Z [INFO]: Menu retrieved successfully 
2025-03-13T06:40:12.458Z [INFO]: Menu retrieved successfully 
2025-03-13T06:40:12.459Z [INFO]: Menu retrieved successfully 
2025-03-13T06:40:12.464Z [INFO]: Menu retrieved successfully 
2025-03-13T06:40:12.474Z [INFO]: Menu retrieved successfully 
2025-03-13T06:40:12.475Z [INFO]: Menu retrieved successfully 
2025-03-13T06:40:16.224Z [INFO]: Get restaurants success 
2025-03-13T06:40:16.274Z [INFO]: Get restaurants success 
2025-03-13T06:40:22.555Z [INFO]: Get restaurants success 
2025-03-13T06:40:22.604Z [INFO]: Get restaurants success 
2025-03-13T06:40:26.354Z [INFO]: Menu retrieved successfully 
2025-03-13T06:40:26.374Z [INFO]: Menu retrieved successfully 
2025-03-13T06:40:26.384Z [INFO]: Menu retrieved successfully 
2025-03-13T06:40:26.385Z [INFO]: Menu retrieved successfully 
2025-03-13T06:40:26.386Z [INFO]: Menu retrieved successfully 
2025-03-13T06:40:26.387Z [INFO]: Menu retrieved successfully 
2025-03-13T06:40:26.387Z [INFO]: Menu retrieved successfully 
2025-03-13T06:40:26.388Z [INFO]: Menu retrieved successfully 
2025-03-13T06:40:26.388Z [INFO]: Menu retrieved successfully 
2025-03-13T06:40:26.389Z [INFO]: Menu retrieved successfully 
2025-03-13T06:40:26.504Z [INFO]: Menu retrieved successfully 
2025-03-13T06:40:26.505Z [INFO]: Menu retrieved successfully 
2025-03-13T06:40:26.506Z [INFO]: Menu retrieved successfully 
2025-03-13T06:40:26.506Z [INFO]: Menu retrieved successfully 
2025-03-13T06:40:26.507Z [INFO]: Menu retrieved successfully 
2025-03-13T06:40:26.507Z [INFO]: Menu retrieved successfully 
2025-03-13T06:40:26.508Z [INFO]: Menu retrieved successfully 
2025-03-13T06:40:26.514Z [INFO]: Menu retrieved successfully 
2025-03-13T06:40:26.515Z [INFO]: Menu retrieved successfully 
2025-03-13T06:40:26.516Z [INFO]: Menu retrieved successfully 
2025-03-13T06:40:28.244Z [INFO]: Menu retrieved successfully 
2025-03-13T06:40:28.344Z [INFO]: Menu retrieved successfully 
2025-03-13T06:43:03.138Z [INFO]: Menu retrieved successfully 
2025-03-13T06:43:03.258Z [INFO]: Menu retrieved successfully 
2025-03-13T06:58:03.689Z [INFO]: Get restaurant success 
2025-03-13T06:58:03.739Z [INFO]: Get restaurant success 
2025-03-13T06:58:03.769Z [INFO]: Get restaurant success 
2025-03-13T06:58:03.900Z [INFO]: Menu retrieved successfully 
2025-03-13T06:58:03.901Z [INFO]: Menu retrieved successfully 
2025-03-13T06:58:03.920Z [INFO]: Menu retrieved successfully 
2025-03-13T06:58:03.922Z [INFO]: Menu retrieved successfully 
2025-03-13T06:58:03.923Z [INFO]: Menu retrieved successfully 
2025-03-13T06:58:04.029Z [INFO]: Menu retrieved successfully 
2025-03-13T06:58:04.130Z [INFO]: Get restaurant success 
2025-03-13T06:58:04.239Z [INFO]: Menu retrieved successfully 
2025-03-13T06:58:04.240Z [INFO]: Menu retrieved successfully 
2025-03-13T06:58:04.241Z [INFO]: Menu retrieved successfully 
2025-03-13T06:58:04.242Z [INFO]: Menu retrieved successfully 
2025-03-13T06:58:06.509Z [INFO]: Get restaurant success 
2025-03-13T06:58:06.569Z [INFO]: Get restaurant success 
2025-03-13T06:58:06.570Z [INFO]: Get restaurant success 
2025-03-13T06:58:06.689Z [INFO]: Menu retrieved successfully 
2025-03-13T06:58:06.690Z [INFO]: Menu retrieved successfully 
2025-03-13T06:58:06.692Z [INFO]: Menu retrieved successfully 
2025-03-13T06:58:06.693Z [INFO]: Menu retrieved successfully 
2025-03-13T06:58:06.869Z [INFO]: Get restaurant success 
2025-03-13T06:58:06.899Z [INFO]: Menu retrieved successfully 
2025-03-13T06:58:06.979Z [INFO]: Menu retrieved successfully 
2025-03-13T06:58:06.980Z [INFO]: Menu retrieved successfully 
2025-03-13T06:58:06.989Z [INFO]: Menu retrieved successfully 
2025-03-13T06:58:06.999Z [INFO]: Menu retrieved successfully 
2025-03-13T06:58:07.009Z [INFO]: Menu retrieved successfully 
2025-03-13T06:58:14.129Z [INFO]: Get restaurant success 
2025-03-13T06:58:14.178Z [INFO]: Get restaurant success 
2025-03-13T06:58:14.199Z [INFO]: Get restaurant success 
2025-03-13T06:58:14.279Z [INFO]: Menu retrieved successfully 
2025-03-13T06:58:14.309Z [INFO]: Menu retrieved successfully 
2025-03-13T06:58:14.311Z [INFO]: Menu retrieved successfully 
2025-03-13T06:58:14.312Z [INFO]: Menu retrieved successfully 
2025-03-13T06:58:14.314Z [INFO]: Menu retrieved successfully 
2025-03-13T06:58:14.399Z [INFO]: Menu retrieved successfully 
2025-03-13T06:58:14.499Z [INFO]: Get restaurant success 
2025-03-13T06:58:14.609Z [INFO]: Menu retrieved successfully 
2025-03-13T06:58:14.610Z [INFO]: Menu retrieved successfully 
2025-03-13T06:58:14.612Z [INFO]: Menu retrieved successfully 
2025-03-13T06:58:14.619Z [INFO]: Menu retrieved successfully 
2025-03-13T06:58:16.559Z [INFO]: Get restaurant success 
2025-03-13T06:58:16.608Z [INFO]: Get restaurant success 
2025-03-13T06:58:16.619Z [INFO]: Get restaurant success 
2025-03-13T06:58:16.719Z [INFO]: Menu retrieved successfully 
2025-03-13T06:58:16.729Z [INFO]: Menu retrieved successfully 
2025-03-13T06:58:16.730Z [INFO]: Menu retrieved successfully 
2025-03-13T06:58:16.730Z [INFO]: Menu retrieved successfully 
2025-03-13T06:58:16.749Z [INFO]: Menu retrieved successfully 
2025-03-13T06:58:16.859Z [INFO]: Menu retrieved successfully 
2025-03-13T06:58:16.888Z [INFO]: Get restaurant success 
2025-03-13T06:58:16.999Z [INFO]: Menu retrieved successfully 
2025-03-13T06:58:17.001Z [INFO]: Menu retrieved successfully 
2025-03-13T06:58:17.002Z [INFO]: Menu retrieved successfully 
2025-03-13T06:58:17.003Z [INFO]: Menu retrieved successfully 
2025-03-13T06:58:19.109Z [INFO]: Get restaurant success 
2025-03-13T06:58:19.158Z [INFO]: Get restaurant success 
2025-03-13T06:58:19.168Z [INFO]: Get restaurant success 
2025-03-13T06:58:19.279Z [INFO]: Menu retrieved successfully 
2025-03-13T06:58:19.280Z [INFO]: Menu retrieved successfully 
2025-03-13T06:58:19.281Z [INFO]: Menu retrieved successfully 
2025-03-13T06:58:19.289Z [INFO]: Menu retrieved successfully 
2025-03-13T06:58:19.329Z [INFO]: Menu retrieved successfully 
2025-03-13T06:58:19.449Z [INFO]: Menu retrieved successfully 
2025-03-13T06:58:19.459Z [INFO]: Get restaurant success 
2025-03-13T06:58:19.569Z [INFO]: Menu retrieved successfully 
2025-03-13T06:58:19.570Z [INFO]: Menu retrieved successfully 
2025-03-13T06:58:19.571Z [INFO]: Menu retrieved successfully 
2025-03-13T06:58:19.572Z [INFO]: Menu retrieved successfully 
2025-03-13T06:58:35.699Z [INFO]: Get restaurant success 
2025-03-13T06:58:35.758Z [INFO]: Get restaurant success 
2025-03-13T06:58:35.788Z [INFO]: Get restaurant success 
2025-03-13T06:58:35.888Z [INFO]: Menu retrieved successfully 
2025-03-13T06:58:35.908Z [INFO]: Menu retrieved successfully 
2025-03-13T06:58:35.929Z [INFO]: Menu retrieved successfully 
2025-03-13T06:58:35.930Z [INFO]: Menu retrieved successfully 
2025-03-13T06:58:35.939Z [INFO]: Menu retrieved successfully 
2025-03-13T06:58:35.998Z [INFO]: Menu retrieved successfully 
2025-03-13T06:58:36.118Z [INFO]: Get restaurant success 
2025-03-13T06:58:36.218Z [INFO]: Menu retrieved successfully 
2025-03-13T06:58:36.238Z [INFO]: Menu retrieved successfully 
2025-03-13T06:58:36.239Z [INFO]: Menu retrieved successfully 
2025-03-13T06:58:36.240Z [INFO]: Menu retrieved successfully 
2025-03-13T06:59:51.906Z [INFO]: Get restaurant success 
2025-03-13T06:59:51.965Z [INFO]: Get restaurant success 
2025-03-13T06:59:51.986Z [INFO]: Get restaurant success 
2025-03-13T06:59:52.105Z [INFO]: Menu retrieved successfully 
2025-03-13T06:59:52.106Z [INFO]: Menu retrieved successfully 
2025-03-13T06:59:52.115Z [INFO]: Menu retrieved successfully 
2025-03-13T06:59:52.125Z [INFO]: Menu retrieved successfully 
2025-03-13T06:59:52.135Z [INFO]: Menu retrieved successfully 
2025-03-13T06:59:52.235Z [INFO]: Menu retrieved successfully 
2025-03-13T06:59:52.306Z [INFO]: Get restaurant success 
2025-03-13T06:59:52.405Z [INFO]: Menu retrieved successfully 
2025-03-13T06:59:52.415Z [INFO]: Menu retrieved successfully 
2025-03-13T06:59:52.417Z [INFO]: Menu retrieved successfully 
2025-03-13T06:59:52.418Z [INFO]: Menu retrieved successfully 
2025-03-13T07:19:14.435Z [INFO]: Menu retrieved successfully 
2025-03-13T07:19:14.554Z [INFO]: Menu retrieved successfully 
2025-03-13T07:19:16.564Z [INFO]: Get restaurants success 
2025-03-13T07:19:16.614Z [INFO]: Get restaurants success 
2025-03-13T07:19:18.244Z [INFO]: Menus retrieved successfully 
2025-03-13T07:19:18.304Z [INFO]: Menus retrieved successfully 
2025-03-13T07:19:19.194Z [INFO]: Menu retrieved successfully 
2025-03-13T07:19:19.244Z [INFO]: Menu retrieved successfully 
2025-03-13T07:19:21.813Z [INFO]: Menus retrieved successfully 
2025-03-13T07:19:21.863Z [INFO]: Menus retrieved successfully 
2025-03-13T07:19:23.683Z [INFO]: Menu retrieved successfully 
2025-03-13T07:19:23.734Z [INFO]: Menu retrieved successfully 
2025-03-13T07:19:25.174Z [INFO]: Menu retrieved successfully 
2025-03-13T07:19:25.234Z [INFO]: Get restaurant by restaurant id success 
2025-03-13T07:19:27.674Z [INFO]: Menu retrieved successfully 
2025-03-13T07:19:27.733Z [INFO]: Menu retrieved successfully 
2025-03-13T07:19:28.404Z [INFO]: Menus retrieved successfully 
2025-03-13T07:19:28.453Z [INFO]: Menus retrieved successfully 
2025-03-13T07:19:29.884Z [INFO]: Menu retrieved successfully 
2025-03-13T07:19:29.914Z [INFO]: Menu retrieved successfully 
2025-03-13T07:19:29.915Z [INFO]: Menu retrieved successfully 
2025-03-13T07:19:29.916Z [INFO]: Menu retrieved successfully 
2025-03-13T07:19:29.917Z [INFO]: Menu retrieved successfully 
2025-03-13T07:19:29.918Z [INFO]: Menu retrieved successfully 
2025-03-13T07:19:29.924Z [INFO]: Menu retrieved successfully 
2025-03-13T07:19:29.925Z [INFO]: Menu retrieved successfully 
2025-03-13T07:19:29.926Z [INFO]: Menu retrieved successfully 
2025-03-13T07:19:29.928Z [INFO]: Menu retrieved successfully 
2025-03-13T07:19:29.943Z [INFO]: Menu retrieved successfully 
2025-03-13T07:19:30.084Z [INFO]: Menu retrieved successfully 
2025-03-13T07:19:30.085Z [INFO]: Menu retrieved successfully 
2025-03-13T07:19:30.086Z [INFO]: Menu retrieved successfully 
2025-03-13T07:19:30.088Z [INFO]: Menu retrieved successfully 
2025-03-13T07:19:30.088Z [INFO]: Menu retrieved successfully 
2025-03-13T07:19:30.089Z [INFO]: Menu retrieved successfully 
2025-03-13T07:19:30.093Z [INFO]: Menu retrieved successfully 
2025-03-13T07:19:30.095Z [INFO]: Menu retrieved successfully 
2025-03-13T07:19:30.096Z [INFO]: Menu retrieved successfully 
2025-03-13T07:19:30.097Z [INFO]: Menu retrieved successfully 
2025-03-13T07:19:30.143Z [INFO]: Menu retrieved successfully 
2025-03-13T07:19:31.193Z [INFO]: Menu retrieved successfully 
2025-03-13T07:19:31.303Z [INFO]: Menu retrieved successfully 
2025-03-13T07:25:41.799Z [INFO]: Menu retrieved successfully 
2025-03-13T07:25:41.867Z [INFO]: Get restaurant success 
2025-03-13T07:25:41.946Z [INFO]: Menu retrieved successfully 
2025-03-13T07:25:41.956Z [INFO]: Get restaurant success 
2025-03-13T07:25:41.976Z [INFO]: Get restaurant success 
2025-03-13T07:25:42.086Z [INFO]: Menu retrieved successfully 
2025-03-13T07:25:42.087Z [INFO]: Menu retrieved successfully 
2025-03-13T07:25:42.088Z [INFO]: Menu retrieved successfully 
2025-03-13T07:25:42.106Z [INFO]: Menu retrieved successfully 
2025-03-13T07:25:42.286Z [INFO]: Get restaurant success 
2025-03-13T07:25:42.385Z [INFO]: Menu retrieved successfully 
2025-03-13T07:25:42.386Z [INFO]: Menu retrieved successfully 
2025-03-13T07:25:42.396Z [INFO]: Menu retrieved successfully 
2025-03-13T07:25:42.406Z [INFO]: Menu retrieved successfully 
2025-03-13T07:25:44.486Z [INFO]: Get restaurant success 
2025-03-13T07:25:44.546Z [INFO]: Get restaurant success 
2025-03-13T07:25:44.555Z [INFO]: Get restaurant success 
2025-03-13T07:25:44.596Z [INFO]: Menu retrieved successfully 
2025-03-13T07:25:44.676Z [INFO]: Menu retrieved successfully 
2025-03-13T07:25:44.677Z [INFO]: Menu retrieved successfully 
2025-03-13T07:25:44.679Z [INFO]: Menu retrieved successfully 
2025-03-13T07:25:44.695Z [INFO]: Menu retrieved successfully 
2025-03-13T07:25:44.746Z [INFO]: Menu retrieved successfully 
2025-03-13T07:25:44.876Z [INFO]: Get restaurant success 
2025-03-13T07:25:44.986Z [INFO]: Menu retrieved successfully 
2025-03-13T07:25:44.987Z [INFO]: Menu retrieved successfully 
2025-03-13T07:25:44.988Z [INFO]: Menu retrieved successfully 
2025-03-13T07:25:44.989Z [INFO]: Menu retrieved successfully 
2025-03-13T07:25:48.795Z [INFO]: Get restaurant success 
2025-03-13T07:25:48.856Z [INFO]: Get restaurant success 
2025-03-13T07:25:48.876Z [INFO]: Get restaurant success 
2025-03-13T07:25:48.906Z [INFO]: Menu retrieved successfully 
2025-03-13T07:25:48.986Z [INFO]: Menu retrieved successfully 
2025-03-13T07:25:48.988Z [INFO]: Menu retrieved successfully 
2025-03-13T07:25:48.996Z [INFO]: Menu retrieved successfully 
2025-03-13T07:25:48.998Z [INFO]: Menu retrieved successfully 
2025-03-13T07:25:49.056Z [INFO]: Menu retrieved successfully 
2025-03-13T07:25:49.186Z [INFO]: Get restaurant success 
2025-03-13T07:25:49.296Z [INFO]: Menu retrieved successfully 
2025-03-13T07:25:49.297Z [INFO]: Menu retrieved successfully 
2025-03-13T07:25:49.298Z [INFO]: Menu retrieved successfully 
2025-03-13T07:25:49.300Z [INFO]: Menu retrieved successfully 
2025-03-13T07:28:01.190Z [INFO]: Get restaurants success 
2025-03-13T07:28:01.240Z [INFO]: Get restaurants success 
2025-03-13T07:28:19.169Z [INFO]: Menu retrieved successfully 
2025-03-13T07:28:19.170Z [INFO]: Menu retrieved successfully 
2025-03-13T07:28:19.171Z [INFO]: Menu retrieved successfully 
2025-03-13T07:28:19.172Z [INFO]: Menu retrieved successfully 
2025-03-13T07:28:19.173Z [INFO]: Menu retrieved successfully 
2025-03-13T07:28:19.178Z [INFO]: Menu retrieved successfully 
2025-03-13T07:28:19.179Z [INFO]: Menu retrieved successfully 
2025-03-13T07:28:19.180Z [INFO]: Menu retrieved successfully 
2025-03-13T07:28:19.189Z [INFO]: Menu retrieved successfully 
2025-03-13T07:28:19.190Z [INFO]: Menu retrieved successfully 
2025-03-13T07:28:19.219Z [INFO]: Menu retrieved successfully 
2025-03-13T07:28:19.339Z [INFO]: Menu retrieved successfully 
2025-03-13T07:28:19.340Z [INFO]: Menu retrieved successfully 
2025-03-13T07:28:19.340Z [INFO]: Menu retrieved successfully 
2025-03-13T07:28:19.341Z [INFO]: Menu retrieved successfully 
2025-03-13T07:28:19.341Z [INFO]: Menu retrieved successfully 
2025-03-13T07:28:19.348Z [INFO]: Menu retrieved successfully 
2025-03-13T07:28:19.349Z [INFO]: Menu retrieved successfully 
2025-03-13T07:28:19.350Z [INFO]: Menu retrieved successfully 
2025-03-13T07:28:19.350Z [INFO]: Menu retrieved successfully 
2025-03-13T07:28:19.351Z [INFO]: Menu retrieved successfully 
2025-03-13T07:28:19.388Z [INFO]: Menu retrieved successfully 
2025-03-13T07:30:49.082Z [INFO]: Menu retrieved successfully 
2025-03-13T07:30:49.084Z [INFO]: Menu retrieved successfully 
2025-03-13T07:30:49.093Z [INFO]: Menu retrieved successfully 
2025-03-13T07:30:49.094Z [INFO]: Menu retrieved successfully 
2025-03-13T07:30:49.095Z [INFO]: Menu retrieved successfully 
2025-03-13T07:30:49.095Z [INFO]: Menu retrieved successfully 
2025-03-13T07:30:49.096Z [INFO]: Menu retrieved successfully 
2025-03-13T07:30:49.096Z [INFO]: Menu retrieved successfully 
2025-03-13T07:30:49.097Z [INFO]: Menu retrieved successfully 
2025-03-13T07:30:49.098Z [INFO]: Menu retrieved successfully 
2025-03-13T07:30:49.132Z [INFO]: Menu retrieved successfully 
2025-03-13T07:30:49.252Z [INFO]: Menu retrieved successfully 
2025-03-13T07:30:49.253Z [INFO]: Menu retrieved successfully 
2025-03-13T07:30:49.253Z [INFO]: Menu retrieved successfully 
2025-03-13T07:30:49.254Z [INFO]: Menu retrieved successfully 
2025-03-13T07:30:49.255Z [INFO]: Menu retrieved successfully 
2025-03-13T07:30:49.262Z [INFO]: Menu retrieved successfully 
2025-03-13T07:30:49.272Z [INFO]: Menu retrieved successfully 
2025-03-13T07:30:49.273Z [INFO]: Menu retrieved successfully 
2025-03-13T07:30:49.273Z [INFO]: Menu retrieved successfully 
2025-03-13T07:30:49.274Z [INFO]: Menu retrieved successfully 
2025-03-13T07:30:49.302Z [INFO]: Menu retrieved successfully 
2025-03-13T07:31:27.851Z [INFO]: Menu retrieved successfully 
2025-03-13T07:31:27.852Z [INFO]: Menu retrieved successfully 
2025-03-13T07:31:27.853Z [INFO]: Menu retrieved successfully 
2025-03-13T07:31:27.854Z [INFO]: Menu retrieved successfully 
2025-03-13T07:31:27.855Z [INFO]: Menu retrieved successfully 
2025-03-13T07:31:27.855Z [INFO]: Menu retrieved successfully 
2025-03-13T07:31:27.861Z [INFO]: Menu retrieved successfully 
2025-03-13T07:31:27.861Z [INFO]: Menu retrieved successfully 
2025-03-13T07:31:27.862Z [INFO]: Menu retrieved successfully 
2025-03-13T07:31:27.862Z [INFO]: Menu retrieved successfully 
2025-03-13T07:31:27.900Z [INFO]: Menu retrieved successfully 
2025-03-13T07:31:28.031Z [INFO]: Menu retrieved successfully 
2025-03-13T07:31:28.032Z [INFO]: Menu retrieved successfully 
2025-03-13T07:31:28.033Z [INFO]: Menu retrieved successfully 
2025-03-13T07:31:28.034Z [INFO]: Menu retrieved successfully 
2025-03-13T07:31:28.036Z [INFO]: Menu retrieved successfully 
2025-03-13T07:31:28.037Z [INFO]: Menu retrieved successfully 
2025-03-13T07:31:28.041Z [INFO]: Menu retrieved successfully 
2025-03-13T07:31:28.042Z [INFO]: Menu retrieved successfully 
2025-03-13T07:31:28.044Z [INFO]: Menu retrieved successfully 
2025-03-13T07:31:28.045Z [INFO]: Menu retrieved successfully 
2025-03-13T07:31:28.080Z [INFO]: Menu retrieved successfully 
